2026-04-10 22:47:09,634 [INFO] ==================================================
2026-04-10 22:47:09,635 [INFO] Starting deploy cycle
2026-04-10 22:47:09,635 [INFO] ==================================================
2026-04-10 22:47:09,635 [ERROR] Add GITHUB_TOKEN to .env file
2026-04-10 22:59:29,772 [INFO] ==================================================
2026-04-10 22:59:29,772 [INFO] Starting deploy cycle
2026-04-10 22:59:29,772 [INFO] ==================================================
2026-04-10 22:59:59,322 [ERROR] GitHub failed: Cmd('git') failed due to: exit code(1)
  cmdline: git push --porcelain -- origin
  stderr: 'error: RPC failed; HTTP 500 curl 22 The requested URL returned error: 500
fatal: the remote end hung up unexpectedly'
2026-04-10 23:00:09,664 [INFO] Telegram sent
2026-04-10 23:00:41,405 [INFO] ==================================================
2026-04-10 23:00:41,405 [INFO] Starting deploy cycle
2026-04-10 23:00:41,405 [INFO] ==================================================
2026-04-10 23:01:03,674 [ERROR] GitHub failed: Cmd('git') failed due to: exit code(1)
  cmdline: git push --porcelain -- origin
  stderr: 'error: RPC failed; HTTP 500 curl 22 The requested URL returned error: 500
fatal: the remote end hung up unexpectedly'
2026-04-10 23:01:14,054 [INFO] Telegram sent
2026-04-10 23:04:13,734 [INFO] ==================================================
2026-04-10 23:04:13,734 [INFO] Starting deploy cycle
2026-04-10 23:04:13,734 [INFO] ==================================================
2026-04-10 23:04:41,327 [INFO] GitHub push OK: solaykapp/2026_Trading_Bot
2026-04-10 23:04:41,328 [INFO] Waiting 15s for Render...
2026-04-10 23:04:56,333 [INFO] Watching Render deploy...
2026-04-10 23:04:57,048 [INFO] Render: build_in_progress
2026-04-10 23:06:24,227 [INFO] Render: update_in_progress
2026-04-10 23:07:07,091 [INFO] Render: live
2026-04-10 23:07:07,092 [INFO] Deploy completed!
2026-04-10 23:07:17,394 [INFO] Telegram sent
2026-04-10 23:07:17,394 [INFO] Done: live
2026-04-10 23:09:22,052 [INFO] ==================================================
2026-04-10 23:09:22,053 [INFO] Starting deploy cycle
2026-04-10 23:09:22,053 [INFO] ==================================================
2026-04-10 23:27:11,388 [INFO] ==================================================
2026-04-10 23:27:11,388 [INFO] Starting deploy cycle
2026-04-10 23:27:11,388 [INFO] ==================================================
