2026-04-07 06:26:37 | INFO | ============================================================
2026-04-07 06:26:37 | INFO |    المحاكي الذكي للتداول الحلال - يبدأ التشغيل
2026-04-07 06:26:37 | INFO | ============================================================
2026-04-07 06:26:37 | INFO | ✅ المحفظة الوهمية جاهزة: 50,000 ريال = $13,333.33
2026-04-07 06:26:37 | ERROR | ❌ لم تقم بإعداد TELEGRAM_TOKEN في CONFIG!
2026-04-07 06:26:37 | ERROR |    راجع التعليمات في أعلى الملف
2026-04-08 06:32:12 | INFO | ============================================================
2026-04-08 06:32:12 | INFO |    المحاكي الذكي للتداول الحلال - يبدأ التشغيل
2026-04-08 06:32:12 | INFO | ============================================================
2026-04-08 06:32:12 | INFO | ✅ المحفظة الوهمية جاهزة: 50,000 ريال = $13,333.33
2026-04-08 06:32:12 | ERROR | ❌ لم تقم بإعداد TELEGRAM_TOKEN في CONFIG!
2026-04-08 06:32:12 | ERROR |    راجع التعليمات في أعلى الملف
2026-04-08 06:35:27 | INFO | ============================================================
2026-04-08 06:35:27 | INFO |    المحاكي الذكي للتداول الحلال - يبدأ التشغيل
2026-04-08 06:35:27 | INFO | ============================================================
2026-04-08 06:35:27 | INFO | ✅ المحفظة الوهمية جاهزة: 50,000 ريال = $13,333.33
2026-04-08 06:35:27 | ERROR | ❌ لم تقم بإعداد TELEGRAM_TOKEN في CONFIG!
2026-04-08 06:35:27 | ERROR |    راجع التعليمات في أعلى الملف
2026-04-08 06:46:42 | INFO | ✅ المحفظة الوهمية جاهزة: 50,000 ريال = $13,333.33
2026-04-08 06:46:56 | INFO | 🔄 فحص جديد - 06:46:56
2026-04-08 06:46:57 | INFO | 📈 المحفظة: 50,000 ريال | ربح/خسارة: +0 ريال (+0.00%)
2026-04-08 06:47:57 | INFO | 🔄 فحص جديد - 06:47:57
2026-04-08 06:47:58 | INFO | 📈 المحفظة: 50,000 ريال | ربح/خسارة: +0 ريال (+0.00%)
2026-04-08 06:48:58 | INFO | 🔄 فحص جديد - 06:48:58
2026-04-08 06:48:59 | INFO | 📈 المحفظة: 50,000 ريال | ربح/خسارة: +0 ريال (+0.00%)
2026-04-08 06:49:59 | INFO | 🔄 فحص جديد - 06:49:59
2026-04-08 06:50:00 | INFO | 📈 المحفظة: 50,000 ريال | ربح/خسارة: +0 ريال (+0.00%)
2026-04-08 06:51:01 | INFO | 🔄 فحص جديد - 06:51:01
2026-04-08 06:51:01 | INFO | 📈 المحفظة: 50,000 ريال | ربح/خسارة: +0 ريال (+0.00%)
2026-04-08 06:52:02 | INFO | 🔄 فحص جديد - 06:52:02
2026-04-08 06:52:02 | INFO | 📈 المحفظة: 50,000 ريال | ربح/خسارة: +0 ريال (+0.00%)
2026-04-08 06:53:03 | INFO | 🔄 فحص جديد - 06:53:03
2026-04-08 06:53:03 | INFO | 📈 المحفظة: 50,000 ريال | ربح/خسارة: +0 ريال (+0.00%)
2026-04-08 06:54:04 | INFO | 🔄 فحص جديد - 06:54:04
2026-04-08 06:54:04 | INFO | 📈 المحفظة: 50,000 ريال | ربح/خسارة: +0 ريال (+0.00%)
2026-04-08 06:55:05 | INFO | 🔄 فحص جديد - 06:55:05
2026-04-08 06:55:05 | INFO | 📈 المحفظة: 50,000 ريال | ربح/خسارة: +0 ريال (+0.00%)
2026-04-08 06:56:06 | INFO | 🔄 فحص جديد - 06:56:06
2026-04-08 06:56:07 | INFO | 📈 المحفظة: 50,000 ريال | ربح/خسارة: +0 ريال (+0.00%)
2026-04-08 06:57:07 | INFO | 🔄 فحص جديد - 06:57:07
2026-04-08 06:57:08 | INFO | 📈 المحفظة: 50,000 ريال | ربح/خسارة: +0 ريال (+0.00%)
2026-04-08 06:58:08 | INFO | 🔄 فحص جديد - 06:58:08
2026-04-08 06:58:09 | INFO | 📈 المحفظة: 50,000 ريال | ربح/خسارة: +0 ريال (+0.00%)
2026-04-08 06:59:09 | INFO | 🔄 فحص جديد - 06:59:09
2026-04-08 06:59:10 | INFO | 📈 المحفظة: 50,000 ريال | ربح/خسارة: +0 ريال (+0.00%)
2026-04-08 07:00:11 | INFO | 🔄 فحص جديد - 07:00:11
2026-04-08 07:00:12 | INFO | 📈 المحفظة: 50,000 ريال | ربح/خسارة: +0 ريال (+0.00%)
2026-04-08 07:01:12 | INFO | 🔄 فحص جديد - 07:01:12
2026-04-08 07:01:13 | INFO | 📈 المحفظة: 50,000 ريال | ربح/خسارة: +0 ريال (+0.00%)
2026-04-08 07:02:13 | INFO | 🔄 فحص جديد - 07:02:13
2026-04-08 07:02:14 | INFO | 📈 المحفظة: 50,000 ريال | ربح/خسارة: +0 ريال (+0.00%)
2026-04-08 07:03:15 | INFO | 🔄 فحص جديد - 07:03:15
2026-04-08 07:03:16 | INFO | 📈 المحفظة: 50,000 ريال | ربح/خسارة: +0 ريال (+0.00%)
2026-04-08 07:04:16 | INFO | 🔄 فحص جديد - 07:04:16
2026-04-08 07:04:17 | INFO | 📈 المحفظة: 50,000 ريال | ربح/خسارة: +0 ريال (+0.00%)
2026-04-08 07:05:17 | INFO | 🔄 فحص جديد - 07:05:17
2026-04-08 07:05:18 | INFO | 📈 المحفظة: 50,000 ريال | ربح/خسارة: +0 ريال (+0.00%)
2026-04-08 07:10:20 | INFO | 🔄 فحص جديد - 07:10:20
2026-04-08 07:10:22 | INFO | 📈 المحفظة: 50,000 ريال | ربح/خسارة: +0 ريال (+0.00%)
2026-04-08 07:11:22 | INFO | 🔄 فحص جديد - 07:11:22
2026-04-08 07:11:23 | INFO | 📈 المحفظة: 50,000 ريال | ربح/خسارة: +0 ريال (+0.00%)
2026-04-08 07:12:23 | INFO | 🔄 فحص جديد - 07:12:23
2026-04-08 07:12:24 | INFO | 📈 المحفظة: 50,000 ريال | ربح/خسارة: +0 ريال (+0.00%)
2026-04-08 07:13:24 | INFO | 🔄 فحص جديد - 07:13:24
2026-04-08 07:13:25 | INFO | 📈 المحفظة: 50,000 ريال | ربح/خسارة: +0 ريال (+0.00%)
2026-04-08 07:14:25 | INFO | 🔄 فحص جديد - 07:14:25
2026-04-08 07:14:27 | INFO | 📈 المحفظة: 50,000 ريال | ربح/خسارة: +0 ريال (+0.00%)
2026-04-08 07:15:27 | INFO | 🔄 فحص جديد - 07:15:27
2026-04-08 07:15:28 | INFO | 📈 المحفظة: 50,000 ريال | ربح/خسارة: +0 ريال (+0.00%)
2026-04-08 07:16:28 | INFO | 🔄 فحص جديد - 07:16:28
2026-04-08 07:16:29 | INFO | 📈 المحفظة: 50,000 ريال | ربح/خسارة: +0 ريال (+0.00%)
2026-04-08 07:17:29 | INFO | 🔄 فحص جديد - 07:17:29
2026-04-08 07:17:30 | INFO | 📈 المحفظة: 50,000 ريال | ربح/خسارة: +0 ريال (+0.00%)
