2026-04-10 23:20:08,442 [INFO] =======================================================
2026-04-10 23:20:08,442 [INFO]    🚀 OSAMA TRADING BOT v3.0 — انطلق!
2026-04-10 23:20:08,442 [INFO]    العملات: BTC, ETH, SUI, SOL, AVAX, BNB
2026-04-10 23:20:08,442 [INFO]    RSI شراء: ≤35 | RSI بيع: ≥65
2026-04-10 23:20:08,442 [INFO] =======================================================
2026-04-10 23:20:18,798 [INFO] 🔍 فحص 6 عملة...
2026-04-10 23:20:19,385 [INFO]   BTC: RSI=59.54 | MACD=-1.483873 | HOLD
2026-04-10 23:20:20,465 [INFO]   ETH: RSI=60.69 | MACD=-0.457278 | HOLD
2026-04-10 23:20:21,536 [INFO]   SUI: RSI=66.28 | MACD=+0.000341 | HOLD
2026-04-10 23:20:22,606 [INFO]   SOL: RSI=67.05 | MACD=+0.017690 | HOLD
2026-04-10 23:20:23,673 [INFO]   AVAX: RSI=71.88 | MACD=+0.008848 | HOLD
2026-04-10 23:20:24,739 [INFO]   BNB: RSI=77.13 | MACD=+0.141736 | HOLD
2026-04-10 23:20:25,242 [INFO] ⏰ انتظار 180 ثانية...
2026-04-10 23:23:25,242 [INFO] 🔍 فحص 6 عملة...
2026-04-10 23:23:25,866 [INFO]   BTC: RSI=55.62 | MACD=-8.146814 | HOLD
2026-04-10 23:23:26,939 [INFO]   ETH: RSI=57.52 | MACD=-0.623772 | HOLD
2026-04-10 23:23:28,014 [INFO]   SUI: RSI=63.01 | MACD=+0.000207 | HOLD
2026-04-10 23:23:29,100 [INFO]   SOL: RSI=62.22 | MACD=+0.007484 | HOLD
2026-04-10 23:23:30,174 [INFO]   AVAX: RSI=65.63 | MACD=+0.006296 | HOLD
2026-04-10 23:23:31,249 [INFO]   BNB: RSI=72.07 | MACD=+0.097720 | HOLD
2026-04-10 23:23:31,751 [INFO] ⏰ انتظار 180 ثانية...
2026-04-10 23:26:31,749 [INFO] 🔍 فحص 6 عملة...
2026-04-10 23:26:32,377 [INFO]   BTC: RSI=56.3 | MACD=-7.006236 | HOLD
2026-04-10 23:26:33,435 [INFO]   ETH: RSI=57.23 | MACD=-0.637806 | HOLD
2026-04-10 23:26:34,506 [INFO]   SUI: RSI=60.89 | MACD=+0.000130 | HOLD
2026-04-10 23:26:35,583 [INFO]   SOL: RSI=62.92 | MACD=+0.008760 | HOLD
2026-04-10 23:26:36,675 [INFO]   AVAX: RSI=67.74 | MACD=+0.006934 | HOLD
2026-04-10 23:26:37,766 [INFO]   BNB: RSI=74.04 | MACD=+0.110478 | HOLD
2026-04-10 23:26:38,271 [INFO] ⏰ انتظار 180 ثانية...
